<testExecutions version="1">
<file path="src/shared/utils/tests/utils.spec.tsx">
<testCase name="Utils capitalizer Deve tornar primeira letra em caixa alta" duration="2" />
<testCase name="Utils underlineRemover Deve remover _" duration="0" />
<testCase name="Utils pathDestructer getPathId Deve pegar o ID do nome do projeto" duration="2" />
<testCase name="Utils formatRepositoriesSqcHistory Deve formatar valores do grafico SQC corretamente" duration="13">
<failure message="Error"><![CDATA[Error: expect(received).toMatchObject(expected)

- Expected  - 1
+ Received  + 1

@@ -27,11 +27,11 @@
    &quot;series&quot;: Array [
      Object {
        &quot;animationDuration&quot;: 1200,
        &quot;data&quot;: Array [
          Array [
-           1662399194000,
+           1662409994000,
            50,
          ],
        ],
        &quot;name&quot;: &quot;SQC_NAME&quot;,
        &quot;type&quot;: &quot;line&quot;,
    at Object.toMatchObject (/home/heron.sousa/2022-1-MeasureSoftGram-Front/src/shared/utils/tests/utils.spec.tsx:138:21)
    at Promise.then.completed (/home/heron.sousa/2022-1-MeasureSoftGram-Front/node_modules/jest-circus/build/utils.js:333:28)
    at new Promise (&lt;anonymous&gt;)
    at callAsyncCircusFn (/home/heron.sousa/2022-1-MeasureSoftGram-Front/node_modules/jest-circus/build/utils.js:259:10)
    at _callCircusTest (/home/heron.sousa/2022-1-MeasureSoftGram-Front/node_modules/jest-circus/build/run.js:277:40)
    at processTicksAndRejections (node:internal/process/task_queues:96:5)
    at _runTest (/home/heron.sousa/2022-1-MeasureSoftGram-Front/node_modules/jest-circus/build/run.js:209:3)
    at _runTestsForDescribeBlock (/home/heron.sousa/2022-1-MeasureSoftGram-Front/node_modules/jest-circus/build/run.js:97:9)
    at _runTestsForDescribeBlock (/home/heron.sousa/2022-1-MeasureSoftGram-Front/node_modules/jest-circus/build/run.js:91:9)
    at _runTestsForDescribeBlock (/home/heron.sousa/2022-1-MeasureSoftGram-Front/node_modules/jest-circus/build/run.js:91:9)
    at run (/home/heron.sousa/2022-1-MeasureSoftGram-Front/node_modules/jest-circus/build/run.js:31:3)
    at runAndTransformResultsToJestFormat (/home/heron.sousa/2022-1-MeasureSoftGram-Front/node_modules/jest-circus/build/legacy-code-todo-rewrite/jestAdapterInit.js:135:21)
    at jestAdapter (/home/heron.sousa/2022-1-MeasureSoftGram-Front/node_modules/jest-circus/build/legacy-code-todo-rewrite/jestAdapter.js:92:19)
    at runTestInternal (/home/heron.sousa/2022-1-MeasureSoftGram-Front/node_modules/jest-runner/build/runTest.js:411:16)
    at runTest (/home/heron.sousa/2022-1-MeasureSoftGram-Front/node_modules/jest-runner/build/runTest.js:499:34)
    at Object.worker (/home/heron.sousa/2022-1-MeasureSoftGram-Front/node_modules/jest-runner/build/testWorker.js:133:12)]]></failure>
</testCase>
<testCase name="Utils formatEntitiesFilter Deve retornar array correto para a chave correta" duration="1" />
<testCase name="Utils formatCharacteristicsHistory Deve formatar valores do grafico historico de caracteristicas corretamente" duration="22" />
<testCase name="Utils formatMeasuresHistory Deve formatar valores do grafico de caracteristicas corretamente" duration="4" />
</file>
<file path="src/pages/products/[product]/[repository]/components/SubCharacteristicsList/SubCharacteristicsTable/test/SubCharacteristicsTable.spec.tsx">
<testCase name="&lt;SubCharacteristicsTable Snapshot Deve corresponder ao Snapshot" duration="198" />
</file>
<file path="src/pages/createRelease/tests/CreateRelease.spec.tsx">
<testCase name="&lt;CreateRelease /&gt; Snapshot Deve corresponder ao Snapshot" duration="336" />
</file>
<file path="src/pages/products/[product]/tests/Product.spec.tsx">
<testCase name="Product Snapshot Deve corresponder ao Snapshot" duration="172" />
</file>
<file path="src/pages/createRelease/components/Equalizer/tests/Equalizer.spec.tsx">
<testCase name="&lt;Equalizer /&gt; Snapshot Deve corresponder ao Snapshot" duration="83" />
<testCase name="&lt;Equalizer /&gt; Comportamento Deve chamar onChange ao movimnetar o slider" duration="33" />
</file>
<file path="src/pages/products/[product]/[repository]/components/SubCharacteristicsList/SubCharacteristicsGraph/tests/SubCharacteristicGraph.spec.tsx">
<testCase name="&lt;SubCharacteristicsGraph /&gt; Snapshot Deve corresponder ao Snapshot" duration="190" />
<testCase name="&lt;SubCharacteristicsGraph /&gt; Comportamento Deve corresponder ao Snapshot" duration="37" />
</file>
<file path="src/pages/preConfig/components/ConfigsForm/test/ConfigsForm.spec.tsx">
<testCase name="&lt;ConfigsForm /&gt; Snapshot Deve corresponder ao Snapshot de characteristic" duration="276" />
<testCase name="&lt;ConfigsForm /&gt; Snapshot Deve corresponder ao Snapshot de subcharacteristic" duration="61" />
<testCase name="&lt;ConfigsForm /&gt; Snapshot Deve corresponder ao Snapshot de measure" duration="88" />
<testCase name="&lt;ConfigsForm /&gt; Comportamento Deve chamar setCheckboxValues" duration="109" />
</file>
<file path="src/shared/components/Layout/tests/Layout.spec.tsx">
<testCase name="&lt;Layout /&gt; Snapshot Deve corresponder ao Snapshot" duration="306" />
</file>
<file path="src/pages/preConfig/tests/ConfigPage.spec.tsx">
<testCase name="&lt;ConfigPage /&gt; Snapshot Deve corresponder ao Snapshot" duration="426" />
</file>
<file path="src/shared/components/DrawerMenu/tests/DrawerMenu.spec.tsx">
<testCase name="&lt;DrawerMenu /&gt; Snapshot Deve corresponder ao Snapshot" duration="277" />
<testCase name="&lt;DrawerMenu /&gt; Snapshot Deve corresponder ao Snapshot com bot&#xF5;es" duration="54" />
<testCase name="&lt;DrawerMenu /&gt; Snapshot Deve corresponder ao Snapshot com componente fechado" duration="4" />
<testCase name="&lt;DrawerMenu /&gt; Comportamento Bot&#xE3;o dentro do DrawerMenu deve ser clicavel" duration="38" />
</file>
<file path="src/pages/createRelease/components/EqualizerSingleSlider/tests/EqualizerSingleSlider.spec.tsx">
<testCase name="&lt;EqualizerSingleSlider /&gt; Snapshot Deve corresponder ao Snapshot" duration="81" />
<testCase name="&lt;EqualizerSingleSlider /&gt; Comportamento Deve chamar onChange ao movimnetar o slider" duration="20" />
</file>
<file path="src/shared/components/CardNavigation/tests/CardNavigation.spec.tsx">
<testCase name="&lt;CardNavigation /&gt; Snapshot Deve corresponder ao Snapshot" duration="192" />
<testCase name="&lt;CardNavigation /&gt; Comportamento Deve executar a a&#xE7;&#xE3;o de clique" duration="96" />
</file>
<file path="src/shared/components/Filters/tests/Filters.spec.tsx">
<testCase name="&lt;Filter /&gt; Snapshot Deve corresponder ao Snapshot" duration="187" />
<testCase name="&lt;Filter /&gt; Comportamento Deve chamar updateOptions ao selecionar novo checkbox" duration="39" />
</file>
<file path="src/pages/products/test/Products.spec.tsx">
<testCase name="Products Snapshot Deve corresponder ao Snapshot" duration="154" />
</file>
<file path="src/pages/createRelease/components/ReleaseInfo/tests/ReleaseInfo.spec.tsx">
<testCase name="&lt;ReleaseInfo /&gt; Snapshot Deve corresponder ao Snapshot" duration="207" />
<testCase name="&lt;ReleaseInfo /&gt; Comportamento Deve preencher campos do formulario" duration="75" />
</file>
<file path="src/pages/preConfig/components/PreConfigSliders/tests/PreConfigSliders.spec.tsx">
<testCase name="&lt;PreConfigSliders /&gt; Snapshot Deve corresponder ao Snapshot" duration="115" />
<testCase name="&lt;PreConfigSliders /&gt; Comportamento Deve alterar valor ao arrastar slider" duration="19" />
<testCase name="&lt;PreConfigSliders /&gt; Comportamento Deve alterar valor no input" duration="10" />
</file>
<file path="src/shared/components/CheckboxButton/tests/CheckboxButton.spec.tsx">
<testCase name="&lt;CheckboxButton /&gt; Snapshot Deve corresponder ao Snapshot com bot&#xE3;o true" duration="75" />
<testCase name="&lt;CheckboxButton /&gt; Snapshot Deve corresponder ao Snapshot com bot&#xE3;o false" duration="47" />
<testCase name="&lt;CheckboxButton /&gt; Comportamento Deve corresponder ao Snapshot com bot&#xE3;o false" duration="26" />
</file>
<file path="src/pages/preConfig/utils/tests/utils.spec.tsx">
<testCase name="Utils iterators Deve alterar peso quando tipo for characteristic" duration="9" />
<testCase name="Utils iterators Deve manter formato caso n&#xE3;o encontre a chave - characteristic" duration="2" />
<testCase name="Utils iterators Deve alterar peso quando tipo for subcharacteristic" duration="0" />
<testCase name="Utils iterators Deve manter formato caso n&#xE3;o encontre a chave - subcharacteristic" duration="1" />
<testCase name="Utils iterators Deve alterar peso quando tipo for measure" duration="1" />
<testCase name="Utils iterators Deve manter formato caso n&#xE3;o encontre a chave - measure" duration="1" />
<testCase name="Utils componentIterators Deve chamar callback somente uma vez quando characteristic" duration="1" />
<testCase name="Utils componentIterators Deve chamar callback somente uma vez quando subcharacteristic" duration="0" />
<testCase name="Utils componentIterators Deve chamar callback somente uma vez quando measure" duration="0" />
<testCase name="Utils toPercentage Deve formatar valor para porcentagem de 0 &#xE0; 100" duration="2" />
</file>
<file path="src/pages/preConfig/components/PreConfigTabs/tests/PreConfigTabs.spec.tsx">
<testCase name="&lt;PreConfigTabs /&gt; Snapshot Deve corresponder ao Snapshot" duration="92" />
</file>
<file path="src/pages/createRelease/context/tests/CreateReleaseProvider.spec.tsx">
<testCase name="&lt;CreateReleaseProvider /&gt; Snapshot Deve corresponder ao Snapshot" duration="84" />
<testCase name="&lt;CreateReleaseProvider /&gt; Comportamento Deve resetar estados" duration="17" />
</file>
<file path="src/pages/products/components/Skeleton/test/Skeleton.spec.tsx">
<testCase name="Skeleton Snapshot Deve corresponder ao Snapshot" duration="59" />
</file>
<file path="src/pages/products/[product]/components/RepositoriesList/RepositoriesTable/test/Repositoriestable.spec.tsx">
<testCase name="RepositoriesTable Snapshot Deve corresponder ao Snapshot" duration="57" />
</file>
<file path="src/pages/products/[product]/[repository]/tests/Repository.spec.tsx">
<testCase name="Repository Snapshot Deve corresponder ao Snapshot" duration="118" />
</file>
<file path="src/pages/createRelease/components/ReleaseGoals/tests/ReleaseGoals.spec.tsx">
<testCase name="&lt;ReleaseGoals /&gt; Snapshot Deve corresponder ao Snapshot" duration="33" />
</file>
</testExecutions>